<?xml version="1.0" encoding="UTF-8"?>
<testsuite xmlns:xsi="http://www.w3.org/2001/XMLSchema-instance" xsi:noNamespaceSchemaLocation="https://maven.apache.org/surefire/maven-surefire-plugin/xsd/surefire-test-report-3.0.xsd" version="3.0" name="com.eurofarma.euforma.EuformaApplicationTests" time="35.624" tests="1" errors="0" skipped="0" failures="0">
  <properties>
[...]
</properties>
  <testcase name="contextLoads" classname="com.eurofarma.euforma.EuformaApplicationTests" time="2.349">
    <system-out><![CDATA[22:58:30.554 [main] INFO org.springframework.test.context.support.AnnotationConfigContextLoaderUtils -- Could not detect default configuration classes for test class [com.eurofarma.euforma.EuformaApplicationTests]: EuformaApplicationTests does not declare any static, non-private, non-final, nested classes annotated with @Configuration.
22:58:31.014 [main] INFO org.springframework.boot.test.context.SpringBootTestContextBootstrapper -- Found @SpringBootConfiguration com.eurofarma.euforma.EuformaApplication for test class com.eurofarma.euforma.EuformaApplicationTests

  .   ____          _            __ _ _
 /\\ / ___'_ __ _ _(_)_ __  __ _ \ \ \ \
( ( )\___ | '_ | '_| | '_ \/ _` | \ \ \ \
 \\/  ___)| |_)| | | | | || (_| |  ) ) ) )
  '  |____| .__|_| |_|_| |_\__, | / / / /
 =========|_|==============|___/=/_/_/_/

 :: Spring Boot ::                (v3.3.3)

2024-09-29T22:58:33.176-03:00  INFO 25060 --- [euforma] [           main] c.e.euforma.EuformaApplicationTests      : Starting EuformaApplicationTests using Java 21.0.4 with PID 25060 (started by Perobellinha in C:\Ana\PROJETOS INDIVIDUAIS\euforma\Projeto-Eurofarma)
2024-09-29T22:58:33.180-03:00  INFO 25060 --- [euforma] [           main] c.e.euforma.EuformaApplicationTests      : No active profile set, falling back to 1 default profile: "default"
2024-09-29T22:58:37.453-03:00  INFO 25060 --- [euforma] [           main] .s.d.r.c.RepositoryConfigurationDelegate : Bootstrapping Spring Data JPA repositories in DEFAULT mode.
2024-09-29T22:58:37.730-03:00  INFO 25060 --- [euforma] [           main] .s.d.r.c.RepositoryConfigurationDelegate : Finished Spring Data repository scanning in 233 ms. Found 4 JPA repository interfaces.
2024-09-29T22:58:40.258-03:00  INFO 25060 --- [euforma] [           main] o.hibernate.jpa.internal.util.LogHelper  : HHH000204: Processing PersistenceUnitInfo [name: default]
2024-09-29T22:58:40.685-03:00  INFO 25060 --- [euforma] [           main] org.hibernate.Version                    : HHH000412: Hibernate ORM core version 6.5.2.Final
2024-09-29T22:58:41.002-03:00  INFO 25060 --- [euforma] [           main] o.h.c.internal.RegionFactoryInitiator    : HHH000026: Second-level cache disabled
2024-09-29T22:58:43.478-03:00  INFO 25060 --- [euforma] [           main] o.s.o.j.p.SpringPersistenceUnitInfo      : No LoadTimeWeaver setup: ignoring JPA class transformer
2024-09-29T22:58:43.580-03:00  INFO 25060 --- [euforma] [           main] com.zaxxer.hikari.HikariDataSource       : HikariPool-1 - Starting...
2024-09-29T22:58:45.559-03:00  INFO 25060 --- [euforma] [           main] com.zaxxer.hikari.pool.HikariPool        : HikariPool-1 - Added connection com.mysql.cj.jdbc.ConnectionImpl@1a4cbcc6
2024-09-29T22:58:45.566-03:00  INFO 25060 --- [euforma] [           main] com.zaxxer.hikari.HikariDataSource       : HikariPool-1 - Start completed.
2024-09-29T22:58:45.805-03:00  WARN 25060 --- [euforma] [           main] org.hibernate.orm.deprecation            : HHH90000025: MySQLDialect does not need to be specified explicitly using 'hibernate.dialect' (remove the property setting and it will be selected by default)
2024-09-29T22:58:50.478-03:00  INFO 25060 --- [euforma] [           main] o.h.e.t.j.p.i.JtaPlatformInitiator       : HHH000489: No JTA platform available (set 'hibernate.transaction.jta.platform' to enable JTA platform integration)
2024-09-29T22:58:50.489-03:00  INFO 25060 --- [euforma] [           main] j.LocalContainerEntityManagerFactoryBean : Initialized JPA EntityManagerFactory for persistence unit 'default'
2024-09-29T22:58:51.717-03:00  INFO 25060 --- [euforma] [           main] o.s.d.j.r.query.QueryEnhancerFactory     : Hibernate is in classpath; If applicable, HQL parser will be used.
2024-09-29T22:58:53.591-03:00  INFO 25060 --- [euforma] [           main] r$InitializeUserDetailsManagerConfigurer : Global AuthenticationManager configured with UserDetailsService bean with name userService
2024-09-29T22:58:54.166-03:00  WARN 25060 --- [euforma] [           main] JpaBaseConfiguration$JpaWebConfiguration : spring.jpa.open-in-view is enabled by default. Therefore, database queries may be performed during view rendering. Explicitly configure spring.jpa.open-in-view to disable this warning
2024-09-29T22:59:02.874-03:00  INFO 25060 --- [euforma] [           main] c.e.euforma.EuformaApplicationTests      : Started EuformaApplicationTests in 31.216 seconds (process running for 37.05)
]]></system-out>
    <system-err><![CDATA[WARNING: A Java agent has been loaded dynamically (C:\Users\Perobellinha\.m2\repository\net\bytebuddy\byte-buddy-agent\1.14.19\byte-buddy-agent-1.14.19.jar)
WARNING: If a serviceability tool is in use, please run with -XX:+EnableDynamicAgentLoading to hide this warning
WARNING: If a serviceability tool is not in use, please run with -Djdk.instrument.traceUsage for more information
WARNING: Dynamic loading of agents will be disallowed by default in a future release
]]></system-err>
  </testcase>
</testsuite>